<?xml version="1.0" encoding="UTF-8"?>
<!-- Generated by org.testng.reporters.JUnitReportReporter -->
<testsuite skipped="0" hostname="LAPTOP-BH638UES" name="Tests.FirstTest" tests="4" failures="0" timestamp="22 Jun 2019 16:35:30 GMT" time="87.361" errors="0">
  <testcase name="GoogleTest4" time="21.457" classname="Tests.FirstTest"/>
  <testcase name="GoogleTest1" time="20.151" classname="Tests.FirstTest"/>
  <testcase name="GoogleTest2" time="22.744" classname="Tests.FirstTest"/>
  <testcase name="GoogleTest3" time="23.009" classname="Tests.FirstTest"/>
</testsuite> <!-- Tests.FirstTest -->
