<?xml version="1.0" encoding="UTF-8"?>
<!-- Generated by org.testng.reporters.JUnitReportReporter -->
<testsuite skipped="0" hostname="LAPTOP-BH638UES" name="Tests.SecondTest" tests="2" failures="0" timestamp="22 Jun 2019 16:35:30 GMT" time="44.421" errors="0">
  <testcase name="FacebookTest1" time="26.819" classname="Tests.SecondTest"/>
  <testcase name="FacebookTest2" time="17.602" classname="Tests.SecondTest"/>
</testsuite> <!-- Tests.SecondTest -->
